[debug] ----------------------------------------------------------------------
[debug] Command:      E:\Program Files\nodejs\node.exe C:\Users\cmoyl\AppData\Roaming\npm\node_modules\firebase-tools\bin\firebase serve
[debug] CLI Version:  3.0.2
[debug] Platform:     win32
[debug] Node Version: v4.4.5
[debug] Time:         Thu Jun 30 2016 19:05:06 GMT-0400 (Eastern Daylight Time)
[debug] ----------------------------------------------------------------------
[debug] 
[info] Starting Firebase development server...
[info] 
[info] Project Directory: E:\Dropbox\Workspaces\Personal\Dorrbell\Home
[info] Public Directory: public
[info] 
[info] Server listening at: http://localhost:5000
[debug] ----------------------------------------------------------------------
[debug] Command:      E:\Program Files\nodejs\node.exe C:\Users\cmoyl\AppData\Roaming\npm\node_modules\firebase-tools\bin\firebase serve
[debug] CLI Version:  3.0.2
[debug] Platform:     win32
[debug] Node Version: v4.4.5
[debug] Time:         Wed Jul 06 2016 11:06:14 GMT-0400 (Eastern Daylight Time)
[debug] ----------------------------------------------------------------------
[debug] 
[info] Starting Firebase development server...
[info] 
[info] Project Directory: E:\Dropbox\Workspaces\Personal\Dorrbell\Home
[info] Public Directory: public
[info] 
[info] Server listening at: http://localhost:5000
